[28-Nov-2016 02:21:08 UTC] PHP Fatal error:  Class 'App\Http\Controllers\Car' not found in /home/ubuntu/workspace/cosmetico/app/Http/Controllers/ProductController.php on line 51
[28-Nov-2016 02:21:08 UTC] PHP Stack trace:
[28-Nov-2016 02:21:08 UTC] PHP   1. {main}() /home/ubuntu/workspace/cosmetico/public/index.php:0
[28-Nov-2016 02:21:08 UTC] PHP   2. Illuminate\Foundation\Http\Kernel->handle() /home/ubuntu/workspace/cosmetico/public/index.php:54
[28-Nov-2016 02:21:08 UTC] PHP   3. Illuminate\Foundation\Http\Kernel->sendRequestThroughRouter() /home/ubuntu/workspace/cosmetico/vendor/laravel/framework/src/Illuminate/Foundation/Http/Kernel.php:99
[28-Nov-2016 02:21:08 UTC] PHP   4. Illuminate\Pipeline\Pipeline->then() /home/ubuntu/workspace/cosmetico/vendor/laravel/framework/src/Illuminate/Foundation/Http/Kernel.php:132
[28-Nov-2016 02:21:08 UTC] PHP   5. call_user_func:{/home/ubuntu/workspace/cosmetico/vendor/laravel/framework/src/Illuminate/Pipeline/Pipeline.php:103}() /home/ubuntu/workspace/cosmetico/vendor/laravel/framework/src/Illuminate/Pipeline/Pipeline.php:103
[28-Nov-2016 02:21:08 UTC] PHP   6. Illuminate\Routing\Pipeline->Illuminate\Routing\{closure}() /home/ubuntu/workspace/cosmetico/vendor/laravel/framework/src/Illuminate/Pipeline/Pipeline.php:103
[28-Nov-2016 02:21:08 UTC] PHP   7. call_user_func:{/home/ubuntu/workspace/cosmetico/vendor/laravel/framework/src/Illuminate/Routing/Pipeline.php:32}() /home/ubuntu/workspace/cosmetico/vendor/laravel/framework/src/Illuminate/Routing/Pipeline.php:32
[28-Nov-2016 02:21:08 UTC] PHP   8. Illuminate\Pipeline\Pipeline->Illuminate\Pipeline\{closure}() /home/ubuntu/workspace/cosmetico/vendor/laravel/framework/src/Illuminate/Routing/Pipeline.php:32
[28-Nov-2016 02:21:08 UTC] PHP   9. call_user_func_array:{/home/ubuntu/workspace/cosmetico/vendor/laravel/framework/src/Illuminate/Pipeline/Pipeline.php:136}() /home/ubuntu/workspace/cosmetico/vendor/laravel/framework/src/Illuminate/Pipeline/Pipeline.php:136
[28-Nov-2016 02:21:08 UTC] PHP  10. Illuminate\Foundation\Http\Middleware\CheckForMaintenanceMode->handle() /home/ubuntu/workspace/cosmetico/vendor/laravel/framework/src/Illuminate/Pipeline/Pipeline.php:136
[28-Nov-2016 02:21:08 UTC] PHP  11. Illuminate\Routing\Pipeline->Illuminate\Routing\{closure}() /home/ubuntu/workspace/cosmetico/vendor/laravel/framework/src/Illuminate/Foundation/Http/Middleware/CheckForMaintenanceMode.php:44
[28-Nov-2016 02:21:08 UTC] PHP  12. call_user_func:{/home/ubuntu/workspace/cosmetico/vendor/laravel/framework/src/Illuminate/Routing/Pipeline.php:52}() /home/ubuntu/workspace/cosmetico/vendor/laravel/framework/src/Illuminate/Routing/Pipeline.php:52
[28-Nov-2016 02:21:08 UTC] PHP  13. Illuminate\Foundation\Http\Kernel->Illuminate\Foundation\Http\{closure}() /home/ubuntu/workspace/cosmetico/vendor/laravel/framework/src/Illuminate/Routing/Pipeline.php:52
[28-Nov-2016 02:21:08 UTC] PHP  14. Illuminate\Routing\Router->dispatch() /home/ubuntu/workspace/cosmetico/vendor/laravel/framework/src/Illuminate/Foundation/Http/Kernel.php:246
[28-Nov-2016 02:21:08 UTC] PHP  15. Illuminate\Routing\Router->dispatchToRoute() /home/ubuntu/workspace/cosmetico/vendor/laravel/framework/src/Illuminate/Routing/Router.php:675
[28-Nov-2016 02:21:08 UTC] PHP  16. Illuminate\Routing\Router->runRouteWithinStack() /home/ubuntu/workspace/cosmetico/vendor/laravel/framework/src/Illuminate/Routing/Router.php:699
[28-Nov-2016 02:21:08 UTC] PHP  17. Illuminate\Pipeline\Pipeline->then() /home/ubuntu/workspace/cosmetico/vendor/laravel/framework/src/Illuminate/Routing/Router.php:726
[28-Nov-2016 02:21:08 UTC] PHP  18. call_user_func:{/home/ubuntu/workspace/cosmetico/vendor/laravel/framework/src/Illuminate/Pipeline/Pipeline.php:103}() /home/ubuntu/workspace/cosmetico/vendor/laravel/framework/src/Illuminate/Pipeline/Pipeline.php:103
[28-Nov-2016 02:21:08 UTC] PHP  19. Illuminate\Routing\Pipeline->Illuminate\Routing\{closure}() /home/ubuntu/workspace/cosmetico/vendor/laravel/framework/src/Illuminate/Pipeline/Pipeline.php:103
[28-Nov-2016 02:21:08 UTC] PHP  20. call_user_func:{/home/ubuntu/workspace/cosmetico/vendor/laravel/framework/src/Illuminate/Routing/Pipeline.php:32}() /home/ubuntu/workspace/cosmetico/vendor/laravel/framework/src/Illuminate/Routing/Pipeline.php:32
[28-Nov-2016 02:21:08 UTC] PHP  21. Illuminate\Pipeline\Pipeline->Illuminate\Pipeline\{closure}() /home/ubuntu/workspace/cosmetico/vendor/laravel/framework/src/Illuminate/Routing/Pipeline.php:32
[28-Nov-2016 02:21:08 UTC] PHP  22. call_user_func_array:{/home/ubuntu/workspace/cosmetico/vendor/laravel/framework/src/Illuminate/Pipeline/Pipeline.php:136}() /home/ubuntu/workspace/cosmetico/vendor/laravel/framework/src/Illuminate/Pipeline/Pipeline.php:136
[28-Nov-2016 02:21:08 UTC] PHP  23. Illuminate\Cookie\Middleware\EncryptCookies->handle() /home/ubuntu/workspace/cosmetico/vendor/laravel/framework/src/Illuminate/Pipeline/Pipeline.php:136
[28-Nov-2016 02:21:08 UTC] PHP  24. Illuminate\Routing\Pipeline->Illuminate\Routing\{closure}() /home/ubuntu/workspace/cosmetico/vendor/laravel/framework/src/Illuminate/Cookie/Middleware/EncryptCookies.php:59
[28-Nov-2016 02:21:08 UTC] PHP  25. call_user_func:{/home/ubuntu/workspace/cosmetico/vendor/laravel/framework/src/Illuminate/Routing/Pipeline.php:32}() /home/ubuntu/workspace/cosmetico/vendor/laravel/framework/src/Illuminate/Routing/Pipeline.php:32
[28-Nov-2016 02:21:08 UTC] PHP  26. Illuminate\Pipeline\Pipeline->Illuminate\Pipeline\{closure}() /home/ubuntu/workspace/cosmetico/vendor/laravel/framework/src/Illuminate/Routing/Pipeline.php:32
[28-Nov-2016 02:21:08 UTC] PHP  27. call_user_func_array:{/home/ubuntu/workspace/cosmetico/vendor/laravel/framework/src/Illuminate/Pipeline/Pipeline.php:136}() /home/ubuntu/workspace/cosmetico/vendor/laravel/framework/src/Illuminate/Pipeline/Pipeline.php:136
[28-Nov-2016 02:21:08 UTC] PHP  28. Illuminate\Cookie\Middleware\AddQueuedCookiesToResponse->handle() /home/ubuntu/workspace/cosmetico/vendor/laravel/framework/src/Illuminate/Pipeline/Pipeline.php:136
[28-Nov-2016 02:21:08 UTC] PHP  29. Illuminate\Routing\Pipeline->Illuminate\Routing\{closure}() /home/ubuntu/workspace/cosmetico/vendor/laravel/framework/src/Illuminate/Cookie/Middleware/AddQueuedCookiesToResponse.php:37
[28-Nov-2016 02:21:08 UTC] PHP  30. call_user_func:{/home/ubuntu/workspace/cosmetico/vendor/laravel/framework/src/Illuminate/Routing/Pipeline.php:32}() /home/ubuntu/workspace/cosmetico/vendor/laravel/framework/src/Illuminate/Routing/Pipeline.php:32
[28-Nov-2016 02:21:08 UTC] PHP  31. Illuminate\Pipeline\Pipeline->Illuminate\Pipeline\{closure}() /home/ubuntu/workspace/cosmetico/vendor/laravel/framework/src/Illuminate/Routing/Pipeline.php:32
[28-Nov-2016 02:21:08 UTC] PHP  32. call_user_func_array:{/home/ubuntu/workspace/cosmetico/vendor/laravel/framework/src/Illuminate/Pipeline/Pipeline.php:136}() /home/ubuntu/workspace/cosmetico/vendor/laravel/framework/src/Illuminate/Pipeline/Pipeline.php:136
[28-Nov-2016 02:21:08 UTC] PHP  33. Illuminate\Session\Middleware\StartSession->handle() /home/ubuntu/workspace/cosmetico/vendor/laravel/framework/src/Illuminate/Pipeline/Pipeline.php:136
[28-Nov-2016 02:21:08 UTC] PHP  34. Illuminate\Routing\Pipeline->Illuminate\Routing\{closure}() /home/ubuntu/workspace/cosmetico/vendor/laravel/framework/src/Illuminate/Session/Middleware/StartSession.php:64
[28-Nov-2016 02:21:08 UTC] PHP  35. call_user_func:{/home/ubuntu/workspace/cosmetico/vendor/laravel/framework/src/Illuminate/Routing/Pipeline.php:32}() /home/ubuntu/workspace/cosmetico/vendor/laravel/framework/src/Illuminate/Routing/Pipeline.php:32
[28-Nov-2016 02:21:08 UTC] PHP  36. Illuminate\Pipeline\Pipeline->Illuminate\Pipeline\{closure}() /home/ubuntu/workspace/cosmetico/vendor/laravel/framework/src/Illuminate/Routing/Pipeline.php:32
[28-Nov-2016 02:21:08 UTC] PHP  37. call_user_func_array:{/home/ubuntu/workspace/cosmetico/vendor/laravel/framework/src/Illuminate/Pipeline/Pipeline.php:136}() /home/ubuntu/workspace/cosmetico/vendor/laravel/framework/src/Illuminate/Pipeline/Pipeline.php:136
[28-Nov-2016 02:21:08 UTC] PHP  38. Illuminate\View\Middleware\ShareErrorsFromSession->handle() /home/ubuntu/workspace/cosmetico/vendor/laravel/framework/src/Illuminate/Pipeline/Pipeline.php:136
[28-Nov-2016 02:21:08 UTC] PHP  39. Illuminate\Routing\Pipeline->Illuminate\Routing\{closure}() /home/ubuntu/workspace/cosmetico/vendor/laravel/framework/src/Illuminate/View/Middleware/ShareErrorsFromSession.php:49
[28-Nov-2016 02:21:08 UTC] PHP  40. call_user_func:{/home/ubuntu/workspace/cosmetico/vendor/laravel/framework/src/Illuminate/Routing/Pipeline.php:32}() /home/ubuntu/workspace/cosmetico/vendor/laravel/framework/src/Illuminate/Routing/Pipeline.php:32
[28-Nov-2016 02:21:08 UTC] PHP  41. Illuminate\Pipeline\Pipeline->Illuminate\Pipeline\{closure}() /home/ubuntu/workspace/cosmetico/vendor/laravel/framework/src/Illuminate/Routing/Pipeline.php:32
[28-Nov-2016 02:21:08 UTC] PHP  42. call_user_func_array:{/home/ubuntu/workspace/cosmetico/vendor/laravel/framework/src/Illuminate/Pipeline/Pipeline.php:136}() /home/ubuntu/workspace/cosmetico/vendor/laravel/framework/src/Illuminate/Pipeline/Pipeline.php:136
[28-Nov-2016 02:21:08 UTC] PHP  43. Illuminate\Foundation\Http\Middleware\VerifyCsrfToken->handle() /home/ubuntu/workspace/cosmetico/vendor/laravel/framework/src/Illuminate/Pipeline/Pipeline.php:136
[28-Nov-2016 02:21:08 UTC] PHP  44. Illuminate\Routing\Pipeline->Illuminate\Routing\{closure}() /home/ubuntu/workspace/cosmetico/vendor/laravel/framework/src/Illuminate/Foundation/Http/Middleware/VerifyCsrfToken.php:64
[28-Nov-2016 02:21:08 UTC] PHP  45. call_user_func:{/home/ubuntu/workspace/cosmetico/vendor/laravel/framework/src/Illuminate/Routing/Pipeline.php:52}() /home/ubuntu/workspace/cosmetico/vendor/laravel/framework/src/Illuminate/Routing/Pipeline.php:52
[28-Nov-2016 02:21:08 UTC] PHP  46. Illuminate\Routing\Router->Illuminate\Routing\{closure}() /home/ubuntu/workspace/cosmetico/vendor/laravel/framework/src/Illuminate/Routing/Pipeline.php:52
[28-Nov-2016 02:21:08 UTC] PHP  47. Illuminate\Routing\Route->run() /home/ubuntu/workspace/cosmetico/vendor/laravel/framework/src/Illuminate/Routing/Router.php:724
[28-Nov-2016 02:21:08 UTC] PHP  48. Illuminate\Routing\Route->runController() /home/ubuntu/workspace/cosmetico/vendor/laravel/framework/src/Illuminate/Routing/Route.php:140
[28-Nov-2016 02:21:08 UTC] PHP  49. Illuminate\Routing\ControllerDispatcher->dispatch() /home/ubuntu/workspace/cosmetico/vendor/laravel/framework/src/Illuminate/Routing/Route.php:174
[28-Nov-2016 02:21:08 UTC] PHP  50. Illuminate\Routing\ControllerDispatcher->callWithinStack() /home/ubuntu/workspace/cosmetico/vendor/laravel/framework/src/Illuminate/Routing/ControllerDispatcher.php:54
[28-Nov-2016 02:21:08 UTC] PHP  51. Illuminate\Pipeline\Pipeline->then() /home/ubuntu/workspace/cosmetico/vendor/laravel/framework/src/Illuminate/Routing/ControllerDispatcher.php:96
[28-Nov-2016 02:21:08 UTC] PHP  52. call_user_func:{/home/ubuntu/workspace/cosmetico/vendor/laravel/framework/src/Illuminate/Pipeline/Pipeline.php:103}() /home/ubuntu/workspace/cosmetico/vendor/laravel/framework/src/Illuminate/Pipeline/Pipeline.php:103
[28-Nov-2016 02:21:08 UTC] PHP  53. Illuminate\Routing\Pipeline->Illuminate\Routing\{closure}() /home/ubuntu/workspace/cosmetico/vendor/laravel/framework/src/Illuminate/Pipeline/Pipeline.php:103
[28-Nov-2016 02:21:08 UTC] PHP  54. call_user_func:{/home/ubuntu/workspace/cosmetico/vendor/laravel/framework/src/Illuminate/Routing/Pipeline.php:52}() /home/ubuntu/workspace/cosmetico/vendor/laravel/framework/src/Illuminate/Routing/Pipeline.php:52
[28-Nov-2016 02:21:08 UTC] PHP  55. Illuminate\Routing\ControllerDispatcher->Illuminate\Routing\{closure}() /home/ubuntu/workspace/cosmetico/vendor/laravel/framework/src/Illuminate/Routing/Pipeline.php:52
[28-Nov-2016 02:21:08 UTC] PHP  56. Illuminate\Routing\ControllerDispatcher->call() /home/ubuntu/workspace/cosmetico/vendor/laravel/framework/src/Illuminate/Routing/ControllerDispatcher.php:94
[28-Nov-2016 02:21:08 UTC] PHP  57. Illuminate\Routing\Controller->callAction() /home/ubuntu/workspace/cosmetico/vendor/laravel/framework/src/Illuminate/Routing/ControllerDispatcher.php:146
[28-Nov-2016 02:21:08 UTC] PHP  58. call_user_func_array:{/home/ubuntu/workspace/cosmetico/vendor/laravel/framework/src/Illuminate/Routing/Controller.php:80}() /home/ubuntu/workspace/cosmetico/vendor/laravel/framework/src/Illuminate/Routing/Controller.php:80
[28-Nov-2016 02:21:08 UTC] PHP  59. App\Http\Controllers\ProductController->show() /home/ubuntu/workspace/cosmetico/vendor/laravel/framework/src/Illuminate/Routing/Controller.php:80
[30-Nov-2016 23:28:04 UTC] PHP Fatal error:  Class 'App\Http\Controllers\Product' not found in /home/ubuntu/workspace/cosmetico/app/Http/Controllers/HomeController.php on line 14
[30-Nov-2016 23:28:04 UTC] PHP Stack trace:
[30-Nov-2016 23:28:04 UTC] PHP   1. {main}() /home/ubuntu/workspace/cosmetico/public/index.php:0
[30-Nov-2016 23:28:04 UTC] PHP   2. Illuminate\Foundation\Http\Kernel->handle() /home/ubuntu/workspace/cosmetico/public/index.php:54
[30-Nov-2016 23:28:04 UTC] PHP   3. Illuminate\Foundation\Http\Kernel->sendRequestThroughRouter() /home/ubuntu/workspace/cosmetico/vendor/laravel/framework/src/Illuminate/Foundation/Http/Kernel.php:99
[30-Nov-2016 23:28:04 UTC] PHP   4. Illuminate\Pipeline\Pipeline->then() /home/ubuntu/workspace/cosmetico/vendor/laravel/framework/src/Illuminate/Foundation/Http/Kernel.php:132
[30-Nov-2016 23:28:04 UTC] PHP   5. call_user_func:{/home/ubuntu/workspace/cosmetico/vendor/laravel/framework/src/Illuminate/Pipeline/Pipeline.php:103}() /home/ubuntu/workspace/cosmetico/vendor/laravel/framework/src/Illuminate/Pipeline/Pipeline.php:103
[30-Nov-2016 23:28:04 UTC] PHP   6. Illuminate\Routing\Pipeline->Illuminate\Routing\{closure}() /home/ubuntu/workspace/cosmetico/vendor/laravel/framework/src/Illuminate/Pipeline/Pipeline.php:103
[30-Nov-2016 23:28:04 UTC] PHP   7. call_user_func:{/home/ubuntu/workspace/cosmetico/vendor/laravel/framework/src/Illuminate/Routing/Pipeline.php:32}() /home/ubuntu/workspace/cosmetico/vendor/laravel/framework/src/Illuminate/Routing/Pipeline.php:32
[30-Nov-2016 23:28:04 UTC] PHP   8. Illuminate\Pipeline\Pipeline->Illuminate\Pipeline\{closure}() /home/ubuntu/workspace/cosmetico/vendor/laravel/framework/src/Illuminate/Routing/Pipeline.php:32
[30-Nov-2016 23:28:04 UTC] PHP   9. call_user_func_array:{/home/ubuntu/workspace/cosmetico/vendor/laravel/framework/src/Illuminate/Pipeline/Pipeline.php:136}() /home/ubuntu/workspace/cosmetico/vendor/laravel/framework/src/Illuminate/Pipeline/Pipeline.php:136
[30-Nov-2016 23:28:04 UTC] PHP  10. Illuminate\Foundation\Http\Middleware\CheckForMaintenanceMode->handle() /home/ubuntu/workspace/cosmetico/vendor/laravel/framework/src/Illuminate/Pipeline/Pipeline.php:136
[30-Nov-2016 23:28:04 UTC] PHP  11. Illuminate\Routing\Pipeline->Illuminate\Routing\{closure}() /home/ubuntu/workspace/cosmetico/vendor/laravel/framework/src/Illuminate/Foundation/Http/Middleware/CheckForMaintenanceMode.php:44
[30-Nov-2016 23:28:04 UTC] PHP  12. call_user_func:{/home/ubuntu/workspace/cosmetico/vendor/laravel/framework/src/Illuminate/Routing/Pipeline.php:52}() /home/ubuntu/workspace/cosmetico/vendor/laravel/framework/src/Illuminate/Routing/Pipeline.php:52
[30-Nov-2016 23:28:04 UTC] PHP  13. Illuminate\Foundation\Http\Kernel->Illuminate\Foundation\Http\{closure}() /home/ubuntu/workspace/cosmetico/vendor/laravel/framework/src/Illuminate/Routing/Pipeline.php:52
[30-Nov-2016 23:28:04 UTC] PHP  14. Illuminate\Routing\Router->dispatch() /home/ubuntu/workspace/cosmetico/vendor/laravel/framework/src/Illuminate/Foundation/Http/Kernel.php:246
[30-Nov-2016 23:28:04 UTC] PHP  15. Illuminate\Routing\Router->dispatchToRoute() /home/ubuntu/workspace/cosmetico/vendor/laravel/framework/src/Illuminate/Routing/Router.php:675
[30-Nov-2016 23:28:04 UTC] PHP  16. Illuminate\Routing\Router->runRouteWithinStack() /home/ubuntu/workspace/cosmetico/vendor/laravel/framework/src/Illuminate/Routing/Router.php:699
[30-Nov-2016 23:28:04 UTC] PHP  17. Illuminate\Pipeline\Pipeline->then() /home/ubuntu/workspace/cosmetico/vendor/laravel/framework/src/Illuminate/Routing/Router.php:726
[30-Nov-2016 23:28:04 UTC] PHP  18. call_user_func:{/home/ubuntu/workspace/cosmetico/vendor/laravel/framework/src/Illuminate/Pipeline/Pipeline.php:103}() /home/ubuntu/workspace/cosmetico/vendor/laravel/framework/src/Illuminate/Pipeline/Pipeline.php:103
[30-Nov-2016 23:28:04 UTC] PHP  19. Illuminate\Routing\Pipeline->Illuminate\Routing\{closure}() /home/ubuntu/workspace/cosmetico/vendor/laravel/framework/src/Illuminate/Pipeline/Pipeline.php:103
[30-Nov-2016 23:28:04 UTC] PHP  20. call_user_func:{/home/ubuntu/workspace/cosmetico/vendor/laravel/framework/src/Illuminate/Routing/Pipeline.php:32}() /home/ubuntu/workspace/cosmetico/vendor/laravel/framework/src/Illuminate/Routing/Pipeline.php:32
[30-Nov-2016 23:28:04 UTC] PHP  21. Illuminate\Pipeline\Pipeline->Illuminate\Pipeline\{closure}() /home/ubuntu/workspace/cosmetico/vendor/laravel/framework/src/Illuminate/Routing/Pipeline.php:32
[30-Nov-2016 23:28:04 UTC] PHP  22. call_user_func_array:{/home/ubuntu/workspace/cosmetico/vendor/laravel/framework/src/Illuminate/Pipeline/Pipeline.php:136}() /home/ubuntu/workspace/cosmetico/vendor/laravel/framework/src/Illuminate/Pipeline/Pipeline.php:136
[30-Nov-2016 23:28:04 UTC] PHP  23. Illuminate\Cookie\Middleware\EncryptCookies->handle() /home/ubuntu/workspace/cosmetico/vendor/laravel/framework/src/Illuminate/Pipeline/Pipeline.php:136
[30-Nov-2016 23:28:04 UTC] PHP  24. Illuminate\Routing\Pipeline->Illuminate\Routing\{closure}() /home/ubuntu/workspace/cosmetico/vendor/laravel/framework/src/Illuminate/Cookie/Middleware/EncryptCookies.php:59
[30-Nov-2016 23:28:04 UTC] PHP  25. call_user_func:{/home/ubuntu/workspace/cosmetico/vendor/laravel/framework/src/Illuminate/Routing/Pipeline.php:32}() /home/ubuntu/workspace/cosmetico/vendor/laravel/framework/src/Illuminate/Routing/Pipeline.php:32
[30-Nov-2016 23:28:04 UTC] PHP  26. Illuminate\Pipeline\Pipeline->Illuminate\Pipeline\{closure}() /home/ubuntu/workspace/cosmetico/vendor/laravel/framework/src/Illuminate/Routing/Pipeline.php:32
[30-Nov-2016 23:28:04 UTC] PHP  27. call_user_func_array:{/home/ubuntu/workspace/cosmetico/vendor/laravel/framework/src/Illuminate/Pipeline/Pipeline.php:136}() /home/ubuntu/workspace/cosmetico/vendor/laravel/framework/src/Illuminate/Pipeline/Pipeline.php:136
[30-Nov-2016 23:28:04 UTC] PHP  28. Illuminate\Cookie\Middleware\AddQueuedCookiesToResponse->handle() /home/ubuntu/workspace/cosmetico/vendor/laravel/framework/src/Illuminate/Pipeline/Pipeline.php:136
[30-Nov-2016 23:28:04 UTC] PHP  29. Illuminate\Routing\Pipeline->Illuminate\Routing\{closure}() /home/ubuntu/workspace/cosmetico/vendor/laravel/framework/src/Illuminate/Cookie/Middleware/AddQueuedCookiesToResponse.php:37
[30-Nov-2016 23:28:04 UTC] PHP  30. call_user_func:{/home/ubuntu/workspace/cosmetico/vendor/laravel/framework/src/Illuminate/Routing/Pipeline.php:32}() /home/ubuntu/workspace/cosmetico/vendor/laravel/framework/src/Illuminate/Routing/Pipeline.php:32
[30-Nov-2016 23:28:04 UTC] PHP  31. Illuminate\Pipeline\Pipeline->Illuminate\Pipeline\{closure}() /home/ubuntu/workspace/cosmetico/vendor/laravel/framework/src/Illuminate/Routing/Pipeline.php:32
[30-Nov-2016 23:28:04 UTC] PHP  32. call_user_func_array:{/home/ubuntu/workspace/cosmetico/vendor/laravel/framework/src/Illuminate/Pipeline/Pipeline.php:136}() /home/ubuntu/workspace/cosmetico/vendor/laravel/framework/src/Illuminate/Pipeline/Pipeline.php:136
[30-Nov-2016 23:28:04 UTC] PHP  33. Illuminate\Session\Middleware\StartSession->handle() /home/ubuntu/workspace/cosmetico/vendor/laravel/framework/src/Illuminate/Pipeline/Pipeline.php:136
[30-Nov-2016 23:28:04 UTC] PHP  34. Illuminate\Routing\Pipeline->Illuminate\Routing\{closure}() /home/ubuntu/workspace/cosmetico/vendor/laravel/framework/src/Illuminate/Session/Middleware/StartSession.php:64
[30-Nov-2016 23:28:04 UTC] PHP  35. call_user_func:{/home/ubuntu/workspace/cosmetico/vendor/laravel/framework/src/Illuminate/Routing/Pipeline.php:32}() /home/ubuntu/workspace/cosmetico/vendor/laravel/framework/src/Illuminate/Routing/Pipeline.php:32
[30-Nov-2016 23:28:04 UTC] PHP  36. Illuminate\Pipeline\Pipeline->Illuminate\Pipeline\{closure}() /home/ubuntu/workspace/cosmetico/vendor/laravel/framework/src/Illuminate/Routing/Pipeline.php:32
[30-Nov-2016 23:28:04 UTC] PHP  37. call_user_func_array:{/home/ubuntu/workspace/cosmetico/vendor/laravel/framework/src/Illuminate/Pipeline/Pipeline.php:136}() /home/ubuntu/workspace/cosmetico/vendor/laravel/framework/src/Illuminate/Pipeline/Pipeline.php:136
[30-Nov-2016 23:28:04 UTC] PHP  38. Illuminate\View\Middleware\ShareErrorsFromSession->handle() /home/ubuntu/workspace/cosmetico/vendor/laravel/framework/src/Illuminate/Pipeline/Pipeline.php:136
[30-Nov-2016 23:28:04 UTC] PHP  39. Illuminate\Routing\Pipeline->Illuminate\Routing\{closure}() /home/ubuntu/workspace/cosmetico/vendor/laravel/framework/src/Illuminate/View/Middleware/ShareErrorsFromSession.php:49
[30-Nov-2016 23:28:04 UTC] PHP  40. call_user_func:{/home/ubuntu/workspace/cosmetico/vendor/laravel/framework/src/Illuminate/Routing/Pipeline.php:32}() /home/ubuntu/workspace/cosmetico/vendor/laravel/framework/src/Illuminate/Routing/Pipeline.php:32
[30-Nov-2016 23:28:04 UTC] PHP  41. Illuminate\Pipeline\Pipeline->Illuminate\Pipeline\{closure}() /home/ubuntu/workspace/cosmetico/vendor/laravel/framework/src/Illuminate/Routing/Pipeline.php:32
[30-Nov-2016 23:28:04 UTC] PHP  42. call_user_func_array:{/home/ubuntu/workspace/cosmetico/vendor/laravel/framework/src/Illuminate/Pipeline/Pipeline.php:136}() /home/ubuntu/workspace/cosmetico/vendor/laravel/framework/src/Illuminate/Pipeline/Pipeline.php:136
[30-Nov-2016 23:28:04 UTC] PHP  43. Illuminate\Foundation\Http\Middleware\VerifyCsrfToken->handle() /home/ubuntu/workspace/cosmetico/vendor/laravel/framework/src/Illuminate/Pipeline/Pipeline.php:136
[30-Nov-2016 23:28:04 UTC] PHP  44. Illuminate\Routing\Pipeline->Illuminate\Routing\{closure}() /home/ubuntu/workspace/cosmetico/vendor/laravel/framework/src/Illuminate/Foundation/Http/Middleware/VerifyCsrfToken.php:64
[30-Nov-2016 23:28:04 UTC] PHP  45. call_user_func:{/home/ubuntu/workspace/cosmetico/vendor/laravel/framework/src/Illuminate/Routing/Pipeline.php:52}() /home/ubuntu/workspace/cosmetico/vendor/laravel/framework/src/Illuminate/Routing/Pipeline.php:52
[30-Nov-2016 23:28:04 UTC] PHP  46. Illuminate\Routing\Router->Illuminate\Routing\{closure}() /home/ubuntu/workspace/cosmetico/vendor/laravel/framework/src/Illuminate/Routing/Pipeline.php:52
[30-Nov-2016 23:28:04 UTC] PHP  47. Illuminate\Routing\Route->run() /home/ubuntu/workspace/cosmetico/vendor/laravel/framework/src/Illuminate/Routing/Router.php:724
[30-Nov-2016 23:28:04 UTC] PHP  48. Illuminate\Routing\Route->runController() /home/ubuntu/workspace/cosmetico/vendor/laravel/framework/src/Illuminate/Routing/Route.php:140
[30-Nov-2016 23:28:04 UTC] PHP  49. Illuminate\Routing\ControllerDispatcher->dispatch() /home/ubuntu/workspace/cosmetico/vendor/laravel/framework/src/Illuminate/Routing/Route.php:174
[30-Nov-2016 23:28:04 UTC] PHP  50. Illuminate\Routing\ControllerDispatcher->callWithinStack() /home/ubuntu/workspace/cosmetico/vendor/laravel/framework/src/Illuminate/Routing/ControllerDispatcher.php:54
[30-Nov-2016 23:28:04 UTC] PHP  51. Illuminate\Pipeline\Pipeline->then() /home/ubuntu/workspace/cosmetico/vendor/laravel/framework/src/Illuminate/Routing/ControllerDispatcher.php:96
[30-Nov-2016 23:28:04 UTC] PHP  52. call_user_func:{/home/ubuntu/workspace/cosmetico/vendor/laravel/framework/src/Illuminate/Pipeline/Pipeline.php:103}() /home/ubuntu/workspace/cosmetico/vendor/laravel/framework/src/Illuminate/Pipeline/Pipeline.php:103
[30-Nov-2016 23:28:04 UTC] PHP  53. Illuminate\Routing\Pipeline->Illuminate\Routing\{closure}() /home/ubuntu/workspace/cosmetico/vendor/laravel/framework/src/Illuminate/Pipeline/Pipeline.php:103
[30-Nov-2016 23:28:04 UTC] PHP  54. call_user_func:{/home/ubuntu/workspace/cosmetico/vendor/laravel/framework/src/Illuminate/Routing/Pipeline.php:52}() /home/ubuntu/workspace/cosmetico/vendor/laravel/framework/src/Illuminate/Routing/Pipeline.php:52
[30-Nov-2016 23:28:04 UTC] PHP  55. Illuminate\Routing\ControllerDispatcher->Illuminate\Routing\{closure}() /home/ubuntu/workspace/cosmetico/vendor/laravel/framework/src/Illuminate/Routing/Pipeline.php:52
[30-Nov-2016 23:28:04 UTC] PHP  56. Illuminate\Routing\ControllerDispatcher->call() /home/ubuntu/workspace/cosmetico/vendor/laravel/framework/src/Illuminate/Routing/ControllerDispatcher.php:94
[30-Nov-2016 23:28:04 UTC] PHP  57. Illuminate\Routing\Controller->callAction() /home/ubuntu/workspace/cosmetico/vendor/laravel/framework/src/Illuminate/Routing/ControllerDispatcher.php:146
[30-Nov-2016 23:28:04 UTC] PHP  58. call_user_func_array:{/home/ubuntu/workspace/cosmetico/vendor/laravel/framework/src/Illuminate/Routing/Controller.php:80}() /home/ubuntu/workspace/cosmetico/vendor/laravel/framework/src/Illuminate/Routing/Controller.php:80
[30-Nov-2016 23:28:04 UTC] PHP  59. App\Http\Controllers\HomeController->index() /home/ubuntu/workspace/cosmetico/vendor/laravel/framework/src/Illuminate/Routing/Controller.php:80
[30-Nov-2016 23:28:35 UTC] PHP Parse error:  syntax error, unexpected 'class' (T_CLASS), expecting ',' or ';' in /home/ubuntu/workspace/cosmetico/app/Http/Controllers/HomeController.php on line 11
[30-Nov-2016 23:28:35 UTC] PHP Stack trace:
[30-Nov-2016 23:28:35 UTC] PHP   1. {main}() /home/ubuntu/workspace/cosmetico/public/index.php:0
[30-Nov-2016 23:28:35 UTC] PHP   2. Illuminate\Foundation\Http\Kernel->handle() /home/ubuntu/workspace/cosmetico/public/index.php:54
[30-Nov-2016 23:28:35 UTC] PHP   3. Illuminate\Foundation\Http\Kernel->sendRequestThroughRouter() /home/ubuntu/workspace/cosmetico/vendor/laravel/framework/src/Illuminate/Foundation/Http/Kernel.php:99
[30-Nov-2016 23:28:35 UTC] PHP   4. Illuminate\Pipeline\Pipeline->then() /home/ubuntu/workspace/cosmetico/vendor/laravel/framework/src/Illuminate/Foundation/Http/Kernel.php:132
[30-Nov-2016 23:28:35 UTC] PHP   5. call_user_func:{/home/ubuntu/workspace/cosmetico/vendor/laravel/framework/src/Illuminate/Pipeline/Pipeline.php:103}() /home/ubuntu/workspace/cosmetico/vendor/laravel/framework/src/Illuminate/Pipeline/Pipeline.php:103
[30-Nov-2016 23:28:35 UTC] PHP   6. Illuminate\Routing\Pipeline->Illuminate\Routing\{closure}() /home/ubuntu/workspace/cosmetico/vendor/laravel/framework/src/Illuminate/Pipeline/Pipeline.php:103
[30-Nov-2016 23:28:35 UTC] PHP   7. call_user_func:{/home/ubuntu/workspace/cosmetico/vendor/laravel/framework/src/Illuminate/Routing/Pipeline.php:32}() /home/ubuntu/workspace/cosmetico/vendor/laravel/framework/src/Illuminate/Routing/Pipeline.php:32
[30-Nov-2016 23:28:35 UTC] PHP   8. Illuminate\Pipeline\Pipeline->Illuminate\Pipeline\{closure}() /home/ubuntu/workspace/cosmetico/vendor/laravel/framework/src/Illuminate/Routing/Pipeline.php:32
[30-Nov-2016 23:28:35 UTC] PHP   9. call_user_func_array:{/home/ubuntu/workspace/cosmetico/vendor/laravel/framework/src/Illuminate/Pipeline/Pipeline.php:136}() /home/ubuntu/workspace/cosmetico/vendor/laravel/framework/src/Illuminate/Pipeline/Pipeline.php:136
[30-Nov-2016 23:28:35 UTC] PHP  10. Illuminate\Foundation\Http\Middleware\CheckForMaintenanceMode->handle() /home/ubuntu/workspace/cosmetico/vendor/laravel/framework/src/Illuminate/Pipeline/Pipeline.php:136
[30-Nov-2016 23:28:35 UTC] PHP  11. Illuminate\Routing\Pipeline->Illuminate\Routing\{closure}() /home/ubuntu/workspace/cosmetico/vendor/laravel/framework/src/Illuminate/Foundation/Http/Middleware/CheckForMaintenanceMode.php:44
[30-Nov-2016 23:28:35 UTC] PHP  12. call_user_func:{/home/ubuntu/workspace/cosmetico/vendor/laravel/framework/src/Illuminate/Routing/Pipeline.php:52}() /home/ubuntu/workspace/cosmetico/vendor/laravel/framework/src/Illuminate/Routing/Pipeline.php:52
[30-Nov-2016 23:28:35 UTC] PHP  13. Illuminate\Foundation\Http\Kernel->Illuminate\Foundation\Http\{closure}() /home/ubuntu/workspace/cosmetico/vendor/laravel/framework/src/Illuminate/Routing/Pipeline.php:52
[30-Nov-2016 23:28:35 UTC] PHP  14. Illuminate\Routing\Router->dispatch() /home/ubuntu/workspace/cosmetico/vendor/laravel/framework/src/Illuminate/Foundation/Http/Kernel.php:246
[30-Nov-2016 23:28:35 UTC] PHP  15. Illuminate\Routing\Router->dispatchToRoute() /home/ubuntu/workspace/cosmetico/vendor/laravel/framework/src/Illuminate/Routing/Router.php:675
[30-Nov-2016 23:28:35 UTC] PHP  16. Illuminate\Routing\Router->findRoute() /home/ubuntu/workspace/cosmetico/vendor/laravel/framework/src/Illuminate/Routing/Router.php:691
[30-Nov-2016 23:28:35 UTC] PHP  17. Illuminate\Routing\Router->substituteBindings() /home/ubuntu/workspace/cosmetico/vendor/laravel/framework/src/Illuminate/Routing/Router.php:825
[30-Nov-2016 23:28:35 UTC] PHP  18. Illuminate\Routing\Router->substituteImplicitBindings() /home/ubuntu/workspace/cosmetico/vendor/laravel/framework/src/Illuminate/Routing/Router.php:842
[30-Nov-2016 23:28:35 UTC] PHP  19. Illuminate\Routing\Route->signatureParameters() /home/ubuntu/workspace/cosmetico/vendor/laravel/framework/src/Illuminate/Routing/Router.php:857
[30-Nov-2016 23:28:35 UTC] PHP  20. ReflectionMethod->__construct() /home/ubuntu/workspace/cosmetico/vendor/laravel/framework/src/Illuminate/Routing/Route.php:280
[30-Nov-2016 23:28:35 UTC] PHP  21. spl_autoload_call() /home/ubuntu/workspace/cosmetico/vendor/laravel/framework/src/Illuminate/Routing/Route.php:280
[30-Nov-2016 23:28:35 UTC] PHP  22. Composer\Autoload\ClassLoader->loadClass() /home/ubuntu/workspace/cosmetico/vendor/laravel/framework/src/Illuminate/Routing/Route.php:280
[30-Nov-2016 23:28:35 UTC] PHP  23. Composer\Autoload\includeFile() /home/ubuntu/workspace/cosmetico/vendor/composer/ClassLoader.php:301
[30-Nov-2016 23:28:51 UTC] PHP Fatal error:  Class 'App\Http\Controllers\Product' not found in /home/ubuntu/workspace/cosmetico/app/Http/Controllers/HomeController.php on line 16
[30-Nov-2016 23:28:51 UTC] PHP Stack trace:
[30-Nov-2016 23:28:51 UTC] PHP   1. {main}() /home/ubuntu/workspace/cosmetico/public/index.php:0
[30-Nov-2016 23:28:51 UTC] PHP   2. Illuminate\Foundation\Http\Kernel->handle() /home/ubuntu/workspace/cosmetico/public/index.php:54
[30-Nov-2016 23:28:51 UTC] PHP   3. Illuminate\Foundation\Http\Kernel->sendRequestThroughRouter() /home/ubuntu/workspace/cosmetico/vendor/laravel/framework/src/Illuminate/Foundation/Http/Kernel.php:99
[30-Nov-2016 23:28:51 UTC] PHP   4. Illuminate\Pipeline\Pipeline->then() /home/ubuntu/workspace/cosmetico/vendor/laravel/framework/src/Illuminate/Foundation/Http/Kernel.php:132
[30-Nov-2016 23:28:51 UTC] PHP   5. call_user_func:{/home/ubuntu/workspace/cosmetico/vendor/laravel/framework/src/Illuminate/Pipeline/Pipeline.php:103}() /home/ubuntu/workspace/cosmetico/vendor/laravel/framework/src/Illuminate/Pipeline/Pipeline.php:103
[30-Nov-2016 23:28:51 UTC] PHP   6. Illuminate\Routing\Pipeline->Illuminate\Routing\{closure}() /home/ubuntu/workspace/cosmetico/vendor/laravel/framework/src/Illuminate/Pipeline/Pipeline.php:103
[30-Nov-2016 23:28:51 UTC] PHP   7. call_user_func:{/home/ubuntu/workspace/cosmetico/vendor/laravel/framework/src/Illuminate/Routing/Pipeline.php:32}() /home/ubuntu/workspace/cosmetico/vendor/laravel/framework/src/Illuminate/Routing/Pipeline.php:32
[30-Nov-2016 23:28:51 UTC] PHP   8. Illuminate\Pipeline\Pipeline->Illuminate\Pipeline\{closure}() /home/ubuntu/workspace/cosmetico/vendor/laravel/framework/src/Illuminate/Routing/Pipeline.php:32
[30-Nov-2016 23:28:51 UTC] PHP   9. call_user_func_array:{/home/ubuntu/workspace/cosmetico/vendor/laravel/framework/src/Illuminate/Pipeline/Pipeline.php:136}() /home/ubuntu/workspace/cosmetico/vendor/laravel/framework/src/Illuminate/Pipeline/Pipeline.php:136
[30-Nov-2016 23:28:51 UTC] PHP  10. Illuminate\Foundation\Http\Middleware\CheckForMaintenanceMode->handle() /home/ubuntu/workspace/cosmetico/vendor/laravel/framework/src/Illuminate/Pipeline/Pipeline.php:136
[30-Nov-2016 23:28:51 UTC] PHP  11. Illuminate\Routing\Pipeline->Illuminate\Routing\{closure}() /home/ubuntu/workspace/cosmetico/vendor/laravel/framework/src/Illuminate/Foundation/Http/Middleware/CheckForMaintenanceMode.php:44
[30-Nov-2016 23:28:51 UTC] PHP  12. call_user_func:{/home/ubuntu/workspace/cosmetico/vendor/laravel/framework/src/Illuminate/Routing/Pipeline.php:52}() /home/ubuntu/workspace/cosmetico/vendor/laravel/framework/src/Illuminate/Routing/Pipeline.php:52
[30-Nov-2016 23:28:51 UTC] PHP  13. Illuminate\Foundation\Http\Kernel->Illuminate\Foundation\Http\{closure}() /home/ubuntu/workspace/cosmetico/vendor/laravel/framework/src/Illuminate/Routing/Pipeline.php:52
[30-Nov-2016 23:28:51 UTC] PHP  14. Illuminate\Routing\Router->dispatch() /home/ubuntu/workspace/cosmetico/vendor/laravel/framework/src/Illuminate/Foundation/Http/Kernel.php:246
[30-Nov-2016 23:28:51 UTC] PHP  15. Illuminate\Routing\Router->dispatchToRoute() /home/ubuntu/workspace/cosmetico/vendor/laravel/framework/src/Illuminate/Routing/Router.php:675
[30-Nov-2016 23:28:51 UTC] PHP  16. Illuminate\Routing\Router->runRouteWithinStack() /home/ubuntu/workspace/cosmetico/vendor/laravel/framework/src/Illuminate/Routing/Router.php:699
[30-Nov-2016 23:28:51 UTC] PHP  17. Illuminate\Pipeline\Pipeline->then() /home/ubuntu/workspace/cosmetico/vendor/laravel/framework/src/Illuminate/Routing/Router.php:726
[30-Nov-2016 23:28:51 UTC] PHP  18. call_user_func:{/home/ubuntu/workspace/cosmetico/vendor/laravel/framework/src/Illuminate/Pipeline/Pipeline.php:103}() /home/ubuntu/workspace/cosmetico/vendor/laravel/framework/src/Illuminate/Pipeline/Pipeline.php:103
[30-Nov-2016 23:28:51 UTC] PHP  19. Illuminate\Routing\Pipeline->Illuminate\Routing\{closure}() /home/ubuntu/workspace/cosmetico/vendor/laravel/framework/src/Illuminate/Pipeline/Pipeline.php:103
[30-Nov-2016 23:28:51 UTC] PHP  20. call_user_func:{/home/ubuntu/workspace/cosmetico/vendor/laravel/framework/src/Illuminate/Routing/Pipeline.php:32}() /home/ubuntu/workspace/cosmetico/vendor/laravel/framework/src/Illuminate/Routing/Pipeline.php:32
[30-Nov-2016 23:28:51 UTC] PHP  21. Illuminate\Pipeline\Pipeline->Illuminate\Pipeline\{closure}() /home/ubuntu/workspace/cosmetico/vendor/laravel/framework/src/Illuminate/Routing/Pipeline.php:32
[30-Nov-2016 23:28:51 UTC] PHP  22. call_user_func_array:{/home/ubuntu/workspace/cosmetico/vendor/laravel/framework/src/Illuminate/Pipeline/Pipeline.php:136}() /home/ubuntu/workspace/cosmetico/vendor/laravel/framework/src/Illuminate/Pipeline/Pipeline.php:136
[30-Nov-2016 23:28:51 UTC] PHP  23. Illuminate\Cookie\Middleware\EncryptCookies->handle() /home/ubuntu/workspace/cosmetico/vendor/laravel/framework/src/Illuminate/Pipeline/Pipeline.php:136
[30-Nov-2016 23:28:51 UTC] PHP  24. Illuminate\Routing\Pipeline->Illuminate\Routing\{closure}() /home/ubuntu/workspace/cosmetico/vendor/laravel/framework/src/Illuminate/Cookie/Middleware/EncryptCookies.php:59
[30-Nov-2016 23:28:51 UTC] PHP  25. call_user_func:{/home/ubuntu/workspace/cosmetico/vendor/laravel/framework/src/Illuminate/Routing/Pipeline.php:32}() /home/ubuntu/workspace/cosmetico/vendor/laravel/framework/src/Illuminate/Routing/Pipeline.php:32
[30-Nov-2016 23:28:51 UTC] PHP  26. Illuminate\Pipeline\Pipeline->Illuminate\Pipeline\{closure}() /home/ubuntu/workspace/cosmetico/vendor/laravel/framework/src/Illuminate/Routing/Pipeline.php:32
[30-Nov-2016 23:28:51 UTC] PHP  27. call_user_func_array:{/home/ubuntu/workspace/cosmetico/vendor/laravel/framework/src/Illuminate/Pipeline/Pipeline.php:136}() /home/ubuntu/workspace/cosmetico/vendor/laravel/framework/src/Illuminate/Pipeline/Pipeline.php:136
[30-Nov-2016 23:28:51 UTC] PHP  28. Illuminate\Cookie\Middleware\AddQueuedCookiesToResponse->handle() /home/ubuntu/workspace/cosmetico/vendor/laravel/framework/src/Illuminate/Pipeline/Pipeline.php:136
[30-Nov-2016 23:28:51 UTC] PHP  29. Illuminate\Routing\Pipeline->Illuminate\Routing\{closure}() /home/ubuntu/workspace/cosmetico/vendor/laravel/framework/src/Illuminate/Cookie/Middleware/AddQueuedCookiesToResponse.php:37
[30-Nov-2016 23:28:51 UTC] PHP  30. call_user_func:{/home/ubuntu/workspace/cosmetico/vendor/laravel/framework/src/Illuminate/Routing/Pipeline.php:32}() /home/ubuntu/workspace/cosmetico/vendor/laravel/framework/src/Illuminate/Routing/Pipeline.php:32
[30-Nov-2016 23:28:51 UTC] PHP  31. Illuminate\Pipeline\Pipeline->Illuminate\Pipeline\{closure}() /home/ubuntu/workspace/cosmetico/vendor/laravel/framework/src/Illuminate/Routing/Pipeline.php:32
[30-Nov-2016 23:28:51 UTC] PHP  32. call_user_func_array:{/home/ubuntu/workspace/cosmetico/vendor/laravel/framework/src/Illuminate/Pipeline/Pipeline.php:136}() /home/ubuntu/workspace/cosmetico/vendor/laravel/framework/src/Illuminate/Pipeline/Pipeline.php:136
[30-Nov-2016 23:28:51 UTC] PHP  33. Illuminate\Session\Middleware\StartSession->handle() /home/ubuntu/workspace/cosmetico/vendor/laravel/framework/src/Illuminate/Pipeline/Pipeline.php:136
[30-Nov-2016 23:28:51 UTC] PHP  34. Illuminate\Routing\Pipeline->Illuminate\Routing\{closure}() /home/ubuntu/workspace/cosmetico/vendor/laravel/framework/src/Illuminate/Session/Middleware/StartSession.php:64
[30-Nov-2016 23:28:51 UTC] PHP  35. call_user_func:{/home/ubuntu/workspace/cosmetico/vendor/laravel/framework/src/Illuminate/Routing/Pipeline.php:32}() /home/ubuntu/workspace/cosmetico/vendor/laravel/framework/src/Illuminate/Routing/Pipeline.php:32
[30-Nov-2016 23:28:51 UTC] PHP  36. Illuminate\Pipeline\Pipeline->Illuminate\Pipeline\{closure}() /home/ubuntu/workspace/cosmetico/vendor/laravel/framework/src/Illuminate/Routing/Pipeline.php:32
[30-Nov-2016 23:28:51 UTC] PHP  37. call_user_func_array:{/home/ubuntu/workspace/cosmetico/vendor/laravel/framework/src/Illuminate/Pipeline/Pipeline.php:136}() /home/ubuntu/workspace/cosmetico/vendor/laravel/framework/src/Illuminate/Pipeline/Pipeline.php:136
[30-Nov-2016 23:28:51 UTC] PHP  38. Illuminate\View\Middleware\ShareErrorsFromSession->handle() /home/ubuntu/workspace/cosmetico/vendor/laravel/framework/src/Illuminate/Pipeline/Pipeline.php:136
[30-Nov-2016 23:28:51 UTC] PHP  39. Illuminate\Routing\Pipeline->Illuminate\Routing\{closure}() /home/ubuntu/workspace/cosmetico/vendor/laravel/framework/src/Illuminate/View/Middleware/ShareErrorsFromSession.php:49
[30-Nov-2016 23:28:51 UTC] PHP  40. call_user_func:{/home/ubuntu/workspace/cosmetico/vendor/laravel/framework/src/Illuminate/Routing/Pipeline.php:32}() /home/ubuntu/workspace/cosmetico/vendor/laravel/framework/src/Illuminate/Routing/Pipeline.php:32
[30-Nov-2016 23:28:51 UTC] PHP  41. Illuminate\Pipeline\Pipeline->Illuminate\Pipeline\{closure}() /home/ubuntu/workspace/cosmetico/vendor/laravel/framework/src/Illuminate/Routing/Pipeline.php:32
[30-Nov-2016 23:28:51 UTC] PHP  42. call_user_func_array:{/home/ubuntu/workspace/cosmetico/vendor/laravel/framework/src/Illuminate/Pipeline/Pipeline.php:136}() /home/ubuntu/workspace/cosmetico/vendor/laravel/framework/src/Illuminate/Pipeline/Pipeline.php:136
[30-Nov-2016 23:28:51 UTC] PHP  43. Illuminate\Foundation\Http\Middleware\VerifyCsrfToken->handle() /home/ubuntu/workspace/cosmetico/vendor/laravel/framework/src/Illuminate/Pipeline/Pipeline.php:136
[30-Nov-2016 23:28:51 UTC] PHP  44. Illuminate\Routing\Pipeline->Illuminate\Routing\{closure}() /home/ubuntu/workspace/cosmetico/vendor/laravel/framework/src/Illuminate/Foundation/Http/Middleware/VerifyCsrfToken.php:64
[30-Nov-2016 23:28:51 UTC] PHP  45. call_user_func:{/home/ubuntu/workspace/cosmetico/vendor/laravel/framework/src/Illuminate/Routing/Pipeline.php:52}() /home/ubuntu/workspace/cosmetico/vendor/laravel/framework/src/Illuminate/Routing/Pipeline.php:52
[30-Nov-2016 23:28:51 UTC] PHP  46. Illuminate\Routing\Router->Illuminate\Routing\{closure}() /home/ubuntu/workspace/cosmetico/vendor/laravel/framework/src/Illuminate/Routing/Pipeline.php:52
[30-Nov-2016 23:28:51 UTC] PHP  47. Illuminate\Routing\Route->run() /home/ubuntu/workspace/cosmetico/vendor/laravel/framework/src/Illuminate/Routing/Router.php:724
[30-Nov-2016 23:28:51 UTC] PHP  48. Illuminate\Routing\Route->runController() /home/ubuntu/workspace/cosmetico/vendor/laravel/framework/src/Illuminate/Routing/Route.php:140
[30-Nov-2016 23:28:51 UTC] PHP  49. Illuminate\Routing\ControllerDispatcher->dispatch() /home/ubuntu/workspace/cosmetico/vendor/laravel/framework/src/Illuminate/Routing/Route.php:174
[30-Nov-2016 23:28:51 UTC] PHP  50. Illuminate\Routing\ControllerDispatcher->callWithinStack() /home/ubuntu/workspace/cosmetico/vendor/laravel/framework/src/Illuminate/Routing/ControllerDispatcher.php:54
[30-Nov-2016 23:28:51 UTC] PHP  51. Illuminate\Pipeline\Pipeline->then() /home/ubuntu/workspace/cosmetico/vendor/laravel/framework/src/Illuminate/Routing/ControllerDispatcher.php:96
[30-Nov-2016 23:28:51 UTC] PHP  52. call_user_func:{/home/ubuntu/workspace/cosmetico/vendor/laravel/framework/src/Illuminate/Pipeline/Pipeline.php:103}() /home/ubuntu/workspace/cosmetico/vendor/laravel/framework/src/Illuminate/Pipeline/Pipeline.php:103
[30-Nov-2016 23:28:51 UTC] PHP  53. Illuminate\Routing\Pipeline->Illuminate\Routing\{closure}() /home/ubuntu/workspace/cosmetico/vendor/laravel/framework/src/Illuminate/Pipeline/Pipeline.php:103
[30-Nov-2016 23:28:51 UTC] PHP  54. call_user_func:{/home/ubuntu/workspace/cosmetico/vendor/laravel/framework/src/Illuminate/Routing/Pipeline.php:52}() /home/ubuntu/workspace/cosmetico/vendor/laravel/framework/src/Illuminate/Routing/Pipeline.php:52
[30-Nov-2016 23:28:51 UTC] PHP  55. Illuminate\Routing\ControllerDispatcher->Illuminate\Routing\{closure}() /home/ubuntu/workspace/cosmetico/vendor/laravel/framework/src/Illuminate/Routing/Pipeline.php:52
[30-Nov-2016 23:28:51 UTC] PHP  56. Illuminate\Routing\ControllerDispatcher->call() /home/ubuntu/workspace/cosmetico/vendor/laravel/framework/src/Illuminate/Routing/ControllerDispatcher.php:94
[30-Nov-2016 23:28:51 UTC] PHP  57. Illuminate\Routing\Controller->callAction() /home/ubuntu/workspace/cosmetico/vendor/laravel/framework/src/Illuminate/Routing/ControllerDispatcher.php:146
[30-Nov-2016 23:28:51 UTC] PHP  58. call_user_func_array:{/home/ubuntu/workspace/cosmetico/vendor/laravel/framework/src/Illuminate/Routing/Controller.php:80}() /home/ubuntu/workspace/cosmetico/vendor/laravel/framework/src/Illuminate/Routing/Controller.php:80
[30-Nov-2016 23:28:51 UTC] PHP  59. App\Http\Controllers\HomeController->index() /home/ubuntu/workspace/cosmetico/vendor/laravel/framework/src/Illuminate/Routing/Controller.php:80
[01-Dec-2016 00:49:39 UTC] PHP Fatal error:  Class 'App\Http\Controllers\Input' not found in /home/ubuntu/workspace/cosmetico/app/Http/Controllers/ProductController.php on line 42
[01-Dec-2016 00:49:39 UTC] PHP Stack trace:
[01-Dec-2016 00:49:39 UTC] PHP   1. {main}() /home/ubuntu/workspace/cosmetico/public/index.php:0
[01-Dec-2016 00:49:39 UTC] PHP   2. Illuminate\Foundation\Http\Kernel->handle() /home/ubuntu/workspace/cosmetico/public/index.php:54
[01-Dec-2016 00:49:39 UTC] PHP   3. Illuminate\Foundation\Http\Kernel->sendRequestThroughRouter() /home/ubuntu/workspace/cosmetico/vendor/laravel/framework/src/Illuminate/Foundation/Http/Kernel.php:99
[01-Dec-2016 00:49:39 UTC] PHP   4. Illuminate\Pipeline\Pipeline->then() /home/ubuntu/workspace/cosmetico/vendor/laravel/framework/src/Illuminate/Foundation/Http/Kernel.php:132
[01-Dec-2016 00:49:39 UTC] PHP   5. call_user_func:{/home/ubuntu/workspace/cosmetico/vendor/laravel/framework/src/Illuminate/Pipeline/Pipeline.php:103}() /home/ubuntu/workspace/cosmetico/vendor/laravel/framework/src/Illuminate/Pipeline/Pipeline.php:103
[01-Dec-2016 00:49:39 UTC] PHP   6. Illuminate\Routing\Pipeline->Illuminate\Routing\{closure}() /home/ubuntu/workspace/cosmetico/vendor/laravel/framework/src/Illuminate/Pipeline/Pipeline.php:103
[01-Dec-2016 00:49:39 UTC] PHP   7. call_user_func:{/home/ubuntu/workspace/cosmetico/vendor/laravel/framework/src/Illuminate/Routing/Pipeline.php:32}() /home/ubuntu/workspace/cosmetico/vendor/laravel/framework/src/Illuminate/Routing/Pipeline.php:32
[01-Dec-2016 00:49:39 UTC] PHP   8. Illuminate\Pipeline\Pipeline->Illuminate\Pipeline\{closure}() /home/ubuntu/workspace/cosmetico/vendor/laravel/framework/src/Illuminate/Routing/Pipeline.php:32
[01-Dec-2016 00:49:39 UTC] PHP   9. call_user_func_array:{/home/ubuntu/workspace/cosmetico/vendor/laravel/framework/src/Illuminate/Pipeline/Pipeline.php:136}() /home/ubuntu/workspace/cosmetico/vendor/laravel/framework/src/Illuminate/Pipeline/Pipeline.php:136
[01-Dec-2016 00:49:39 UTC] PHP  10. Illuminate\Foundation\Http\Middleware\CheckForMaintenanceMode->handle() /home/ubuntu/workspace/cosmetico/vendor/laravel/framework/src/Illuminate/Pipeline/Pipeline.php:136
[01-Dec-2016 00:49:39 UTC] PHP  11. Illuminate\Routing\Pipeline->Illuminate\Routing\{closure}() /home/ubuntu/workspace/cosmetico/vendor/laravel/framework/src/Illuminate/Foundation/Http/Middleware/CheckForMaintenanceMode.php:44
[01-Dec-2016 00:49:39 UTC] PHP  12. call_user_func:{/home/ubuntu/workspace/cosmetico/vendor/laravel/framework/src/Illuminate/Routing/Pipeline.php:52}() /home/ubuntu/workspace/cosmetico/vendor/laravel/framework/src/Illuminate/Routing/Pipeline.php:52
[01-Dec-2016 00:49:39 UTC] PHP  13. Illuminate\Foundation\Http\Kernel->Illuminate\Foundation\Http\{closure}() /home/ubuntu/workspace/cosmetico/vendor/laravel/framework/src/Illuminate/Routing/Pipeline.php:52
[01-Dec-2016 00:49:39 UTC] PHP  14. Illuminate\Routing\Router->dispatch() /home/ubuntu/workspace/cosmetico/vendor/laravel/framework/src/Illuminate/Foundation/Http/Kernel.php:246
[01-Dec-2016 00:49:39 UTC] PHP  15. Illuminate\Routing\Router->dispatchToRoute() /home/ubuntu/workspace/cosmetico/vendor/laravel/framework/src/Illuminate/Routing/Router.php:675
[01-Dec-2016 00:49:39 UTC] PHP  16. Illuminate\Routing\Router->runRouteWithinStack() /home/ubuntu/workspace/cosmetico/vendor/laravel/framework/src/Illuminate/Routing/Router.php:699
[01-Dec-2016 00:49:39 UTC] PHP  17. Illuminate\Pipeline\Pipeline->then() /home/ubuntu/workspace/cosmetico/vendor/laravel/framework/src/Illuminate/Routing/Router.php:726
[01-Dec-2016 00:49:39 UTC] PHP  18. call_user_func:{/home/ubuntu/workspace/cosmetico/vendor/laravel/framework/src/Illuminate/Pipeline/Pipeline.php:103}() /home/ubuntu/workspace/cosmetico/vendor/laravel/framework/src/Illuminate/Pipeline/Pipeline.php:103
[01-Dec-2016 00:49:39 UTC] PHP  19. Illuminate\Routing\Pipeline->Illuminate\Routing\{closure}() /home/ubuntu/workspace/cosmetico/vendor/laravel/framework/src/Illuminate/Pipeline/Pipeline.php:103
[01-Dec-2016 00:49:39 UTC] PHP  20. call_user_func:{/home/ubuntu/workspace/cosmetico/vendor/laravel/framework/src/Illuminate/Routing/Pipeline.php:32}() /home/ubuntu/workspace/cosmetico/vendor/laravel/framework/src/Illuminate/Routing/Pipeline.php:32
[01-Dec-2016 00:49:39 UTC] PHP  21. Illuminate\Pipeline\Pipeline->Illuminate\Pipeline\{closure}() /home/ubuntu/workspace/cosmetico/vendor/laravel/framework/src/Illuminate/Routing/Pipeline.php:32
[01-Dec-2016 00:49:39 UTC] PHP  22. call_user_func_array:{/home/ubuntu/workspace/cosmetico/vendor/laravel/framework/src/Illuminate/Pipeline/Pipeline.php:136}() /home/ubuntu/workspace/cosmetico/vendor/laravel/framework/src/Illuminate/Pipeline/Pipeline.php:136
[01-Dec-2016 00:49:39 UTC] PHP  23. Illuminate\Cookie\Middleware\EncryptCookies->handle() /home/ubuntu/workspace/cosmetico/vendor/laravel/framework/src/Illuminate/Pipeline/Pipeline.php:136
[01-Dec-2016 00:49:39 UTC] PHP  24. Illuminate\Routing\Pipeline->Illuminate\Routing\{closure}() /home/ubuntu/workspace/cosmetico/vendor/laravel/framework/src/Illuminate/Cookie/Middleware/EncryptCookies.php:59
[01-Dec-2016 00:49:39 UTC] PHP  25. call_user_func:{/home/ubuntu/workspace/cosmetico/vendor/laravel/framework/src/Illuminate/Routing/Pipeline.php:32}() /home/ubuntu/workspace/cosmetico/vendor/laravel/framework/src/Illuminate/Routing/Pipeline.php:32
[01-Dec-2016 00:49:39 UTC] PHP  26. Illuminate\Pipeline\Pipeline->Illuminate\Pipeline\{closure}() /home/ubuntu/workspace/cosmetico/vendor/laravel/framework/src/Illuminate/Routing/Pipeline.php:32
[01-Dec-2016 00:49:39 UTC] PHP  27. call_user_func_array:{/home/ubuntu/workspace/cosmetico/vendor/laravel/framework/src/Illuminate/Pipeline/Pipeline.php:136}() /home/ubuntu/workspace/cosmetico/vendor/laravel/framework/src/Illuminate/Pipeline/Pipeline.php:136
[01-Dec-2016 00:49:39 UTC] PHP  28. Illuminate\Cookie\Middleware\AddQueuedCookiesToResponse->handle() /home/ubuntu/workspace/cosmetico/vendor/laravel/framework/src/Illuminate/Pipeline/Pipeline.php:136
[01-Dec-2016 00:49:39 UTC] PHP  29. Illuminate\Routing\Pipeline->Illuminate\Routing\{closure}() /home/ubuntu/workspace/cosmetico/vendor/laravel/framework/src/Illuminate/Cookie/Middleware/AddQueuedCookiesToResponse.php:37
[01-Dec-2016 00:49:39 UTC] PHP  30. call_user_func:{/home/ubuntu/workspace/cosmetico/vendor/laravel/framework/src/Illuminate/Routing/Pipeline.php:32}() /home/ubuntu/workspace/cosmetico/vendor/laravel/framework/src/Illuminate/Routing/Pipeline.php:32
[01-Dec-2016 00:49:39 UTC] PHP  31. Illuminate\Pipeline\Pipeline->Illuminate\Pipeline\{closure}() /home/ubuntu/workspace/cosmetico/vendor/laravel/framework/src/Illuminate/Routing/Pipeline.php:32
[01-Dec-2016 00:49:39 UTC] PHP  32. call_user_func_array:{/home/ubuntu/workspace/cosmetico/vendor/laravel/framework/src/Illuminate/Pipeline/Pipeline.php:136}() /home/ubuntu/workspace/cosmetico/vendor/laravel/framework/src/Illuminate/Pipeline/Pipeline.php:136
[01-Dec-2016 00:49:39 UTC] PHP  33. Illuminate\Session\Middleware\StartSession->handle() /home/ubuntu/workspace/cosmetico/vendor/laravel/framework/src/Illuminate/Pipeline/Pipeline.php:136
[01-Dec-2016 00:49:39 UTC] PHP  34. Illuminate\Routing\Pipeline->Illuminate\Routing\{closure}() /home/ubuntu/workspace/cosmetico/vendor/laravel/framework/src/Illuminate/Session/Middleware/StartSession.php:64
[01-Dec-2016 00:49:39 UTC] PHP  35. call_user_func:{/home/ubuntu/workspace/cosmetico/vendor/laravel/framework/src/Illuminate/Routing/Pipeline.php:32}() /home/ubuntu/workspace/cosmetico/vendor/laravel/framework/src/Illuminate/Routing/Pipeline.php:32
[01-Dec-2016 00:49:39 UTC] PHP  36. Illuminate\Pipeline\Pipeline->Illuminate\Pipeline\{closure}() /home/ubuntu/workspace/cosmetico/vendor/laravel/framework/src/Illuminate/Routing/Pipeline.php:32
[01-Dec-2016 00:49:39 UTC] PHP  37. call_user_func_array:{/home/ubuntu/workspace/cosmetico/vendor/laravel/framework/src/Illuminate/Pipeline/Pipeline.php:136}() /home/ubuntu/workspace/cosmetico/vendor/laravel/framework/src/Illuminate/Pipeline/Pipeline.php:136
[01-Dec-2016 00:49:39 UTC] PHP  38. Illuminate\View\Middleware\ShareErrorsFromSession->handle() /home/ubuntu/workspace/cosmetico/vendor/laravel/framework/src/Illuminate/Pipeline/Pipeline.php:136
[01-Dec-2016 00:49:39 UTC] PHP  39. Illuminate\Routing\Pipeline->Illuminate\Routing\{closure}() /home/ubuntu/workspace/cosmetico/vendor/laravel/framework/src/Illuminate/View/Middleware/ShareErrorsFromSession.php:49
[01-Dec-2016 00:49:39 UTC] PHP  40. call_user_func:{/home/ubuntu/workspace/cosmetico/vendor/laravel/framework/src/Illuminate/Routing/Pipeline.php:32}() /home/ubuntu/workspace/cosmetico/vendor/laravel/framework/src/Illuminate/Routing/Pipeline.php:32
[01-Dec-2016 00:49:39 UTC] PHP  41. Illuminate\Pipeline\Pipeline->Illuminate\Pipeline\{closure}() /home/ubuntu/workspace/cosmetico/vendor/laravel/framework/src/Illuminate/Routing/Pipeline.php:32
[01-Dec-2016 00:49:39 UTC] PHP  42. call_user_func_array:{/home/ubuntu/workspace/cosmetico/vendor/laravel/framework/src/Illuminate/Pipeline/Pipeline.php:136}() /home/ubuntu/workspace/cosmetico/vendor/laravel/framework/src/Illuminate/Pipeline/Pipeline.php:136
[01-Dec-2016 00:49:39 UTC] PHP  43. Illuminate\Foundation\Http\Middleware\VerifyCsrfToken->handle() /home/ubuntu/workspace/cosmetico/vendor/laravel/framework/src/Illuminate/Pipeline/Pipeline.php:136
[01-Dec-2016 00:49:39 UTC] PHP  44. Illuminate\Routing\Pipeline->Illuminate\Routing\{closure}() /home/ubuntu/workspace/cosmetico/vendor/laravel/framework/src/Illuminate/Foundation/Http/Middleware/VerifyCsrfToken.php:64
[01-Dec-2016 00:49:39 UTC] PHP  45. call_user_func:{/home/ubuntu/workspace/cosmetico/vendor/laravel/framework/src/Illuminate/Routing/Pipeline.php:52}() /home/ubuntu/workspace/cosmetico/vendor/laravel/framework/src/Illuminate/Routing/Pipeline.php:52
[01-Dec-2016 00:49:39 UTC] PHP  46. Illuminate\Routing\Router->Illuminate\Routing\{closure}() /home/ubuntu/workspace/cosmetico/vendor/laravel/framework/src/Illuminate/Routing/Pipeline.php:52
[01-Dec-2016 00:49:39 UTC] PHP  47. Illuminate\Routing\Route->run() /home/ubuntu/workspace/cosmetico/vendor/laravel/framework/src/Illuminate/Routing/Router.php:724
[01-Dec-2016 00:49:39 UTC] PHP  48. Illuminate\Routing\Route->runController() /home/ubuntu/workspace/cosmetico/vendor/laravel/framework/src/Illuminate/Routing/Route.php:140
[01-Dec-2016 00:49:39 UTC] PHP  49. Illuminate\Routing\ControllerDispatcher->dispatch() /home/ubuntu/workspace/cosmetico/vendor/laravel/framework/src/Illuminate/Routing/Route.php:174
[01-Dec-2016 00:49:39 UTC] PHP  50. Illuminate\Routing\ControllerDispatcher->callWithinStack() /home/ubuntu/workspace/cosmetico/vendor/laravel/framework/src/Illuminate/Routing/ControllerDispatcher.php:54
[01-Dec-2016 00:49:39 UTC] PHP  51. Illuminate\Pipeline\Pipeline->then() /home/ubuntu/workspace/cosmetico/vendor/laravel/framework/src/Illuminate/Routing/ControllerDispatcher.php:96
[01-Dec-2016 00:49:39 UTC] PHP  52. call_user_func:{/home/ubuntu/workspace/cosmetico/vendor/laravel/framework/src/Illuminate/Pipeline/Pipeline.php:103}() /home/ubuntu/workspace/cosmetico/vendor/laravel/framework/src/Illuminate/Pipeline/Pipeline.php:103
[01-Dec-2016 00:49:39 UTC] PHP  53. Illuminate\Routing\Pipeline->Illuminate\Routing\{closure}() /home/ubuntu/workspace/cosmetico/vendor/laravel/framework/src/Illuminate/Pipeline/Pipeline.php:103
[01-Dec-2016 00:49:39 UTC] PHP  54. call_user_func:{/home/ubuntu/workspace/cosmetico/vendor/laravel/framework/src/Illuminate/Routing/Pipeline.php:52}() /home/ubuntu/workspace/cosmetico/vendor/laravel/framework/src/Illuminate/Routing/Pipeline.php:52
[01-Dec-2016 00:49:39 UTC] PHP  55. Illuminate\Routing\ControllerDispatcher->Illuminate\Routing\{closure}() /home/ubuntu/workspace/cosmetico/vendor/laravel/framework/src/Illuminate/Routing/Pipeline.php:52
[01-Dec-2016 00:49:39 UTC] PHP  56. Illuminate\Routing\ControllerDispatcher->call() /home/ubuntu/workspace/cosmetico/vendor/laravel/framework/src/Illuminate/Routing/ControllerDispatcher.php:94
[01-Dec-2016 00:49:39 UTC] PHP  57. Illuminate\Routing\Controller->callAction() /home/ubuntu/workspace/cosmetico/vendor/laravel/framework/src/Illuminate/Routing/ControllerDispatcher.php:146
[01-Dec-2016 00:49:39 UTC] PHP  58. call_user_func_array:{/home/ubuntu/workspace/cosmetico/vendor/laravel/framework/src/Illuminate/Routing/Controller.php:80}() /home/ubuntu/workspace/cosmetico/vendor/laravel/framework/src/Illuminate/Routing/Controller.php:80
[01-Dec-2016 00:49:39 UTC] PHP  59. App\Http\Controllers\ProductController->store() /home/ubuntu/workspace/cosmetico/vendor/laravel/framework/src/Illuminate/Routing/Controller.php:80
[01-Dec-2016 00:53:25 UTC] PHP Fatal error:  Cannot use Request as Request because the name is already in use in /home/ubuntu/workspace/cosmetico/app/Http/Controllers/ProductController.php on line 8
[01-Dec-2016 00:53:25 UTC] PHP Stack trace:
[01-Dec-2016 00:53:25 UTC] PHP   1. {main}() /home/ubuntu/workspace/cosmetico/public/index.php:0
[01-Dec-2016 00:53:25 UTC] PHP   2. Illuminate\Foundation\Http\Kernel->handle() /home/ubuntu/workspace/cosmetico/public/index.php:54
[01-Dec-2016 00:53:25 UTC] PHP   3. Illuminate\Foundation\Http\Kernel->sendRequestThroughRouter() /home/ubuntu/workspace/cosmetico/vendor/laravel/framework/src/Illuminate/Foundation/Http/Kernel.php:99
[01-Dec-2016 00:53:25 UTC] PHP   4. Illuminate\Pipeline\Pipeline->then() /home/ubuntu/workspace/cosmetico/vendor/laravel/framework/src/Illuminate/Foundation/Http/Kernel.php:132
[01-Dec-2016 00:53:25 UTC] PHP   5. call_user_func:{/home/ubuntu/workspace/cosmetico/vendor/laravel/framework/src/Illuminate/Pipeline/Pipeline.php:103}() /home/ubuntu/workspace/cosmetico/vendor/laravel/framework/src/Illuminate/Pipeline/Pipeline.php:103
[01-Dec-2016 00:53:25 UTC] PHP   6. Illuminate\Routing\Pipeline->Illuminate\Routing\{closure}() /home/ubuntu/workspace/cosmetico/vendor/laravel/framework/src/Illuminate/Pipeline/Pipeline.php:103
[01-Dec-2016 00:53:25 UTC] PHP   7. call_user_func:{/home/ubuntu/workspace/cosmetico/vendor/laravel/framework/src/Illuminate/Routing/Pipeline.php:32}() /home/ubuntu/workspace/cosmetico/vendor/laravel/framework/src/Illuminate/Routing/Pipeline.php:32
[01-Dec-2016 00:53:25 UTC] PHP   8. Illuminate\Pipeline\Pipeline->Illuminate\Pipeline\{closure}() /home/ubuntu/workspace/cosmetico/vendor/laravel/framework/src/Illuminate/Routing/Pipeline.php:32
[01-Dec-2016 00:53:25 UTC] PHP   9. call_user_func_array:{/home/ubuntu/workspace/cosmetico/vendor/laravel/framework/src/Illuminate/Pipeline/Pipeline.php:136}() /home/ubuntu/workspace/cosmetico/vendor/laravel/framework/src/Illuminate/Pipeline/Pipeline.php:136
[01-Dec-2016 00:53:25 UTC] PHP  10. Illuminate\Foundation\Http\Middleware\CheckForMaintenanceMode->handle() /home/ubuntu/workspace/cosmetico/vendor/laravel/framework/src/Illuminate/Pipeline/Pipeline.php:136
[01-Dec-2016 00:53:25 UTC] PHP  11. Illuminate\Routing\Pipeline->Illuminate\Routing\{closure}() /home/ubuntu/workspace/cosmetico/vendor/laravel/framework/src/Illuminate/Foundation/Http/Middleware/CheckForMaintenanceMode.php:44
[01-Dec-2016 00:53:25 UTC] PHP  12. call_user_func:{/home/ubuntu/workspace/cosmetico/vendor/laravel/framework/src/Illuminate/Routing/Pipeline.php:52}() /home/ubuntu/workspace/cosmetico/vendor/laravel/framework/src/Illuminate/Routing/Pipeline.php:52
[01-Dec-2016 00:53:25 UTC] PHP  13. Illuminate\Foundation\Http\Kernel->Illuminate\Foundation\Http\{closure}() /home/ubuntu/workspace/cosmetico/vendor/laravel/framework/src/Illuminate/Routing/Pipeline.php:52
[01-Dec-2016 00:53:25 UTC] PHP  14. Illuminate\Routing\Router->dispatch() /home/ubuntu/workspace/cosmetico/vendor/laravel/framework/src/Illuminate/Foundation/Http/Kernel.php:246
[01-Dec-2016 00:53:25 UTC] PHP  15. Illuminate\Routing\Router->dispatchToRoute() /home/ubuntu/workspace/cosmetico/vendor/laravel/framework/src/Illuminate/Routing/Router.php:675
[01-Dec-2016 00:53:25 UTC] PHP  16. Illuminate\Routing\Router->findRoute() /home/ubuntu/workspace/cosmetico/vendor/laravel/framework/src/Illuminate/Routing/Router.php:691
[01-Dec-2016 00:53:25 UTC] PHP  17. Illuminate\Routing\Router->substituteBindings() /home/ubuntu/workspace/cosmetico/vendor/laravel/framework/src/Illuminate/Routing/Router.php:825
[01-Dec-2016 00:53:25 UTC] PHP  18. Illuminate\Routing\Router->substituteImplicitBindings() /home/ubuntu/workspace/cosmetico/vendor/laravel/framework/src/Illuminate/Routing/Router.php:842
[01-Dec-2016 00:53:25 UTC] PHP  19. Illuminate\Routing\Route->signatureParameters() /home/ubuntu/workspace/cosmetico/vendor/laravel/framework/src/Illuminate/Routing/Router.php:857
[01-Dec-2016 00:53:25 UTC] PHP  20. ReflectionMethod->__construct() /home/ubuntu/workspace/cosmetico/vendor/laravel/framework/src/Illuminate/Routing/Route.php:280
[01-Dec-2016 00:53:25 UTC] PHP  21. spl_autoload_call() /home/ubuntu/workspace/cosmetico/vendor/laravel/framework/src/Illuminate/Routing/Route.php:280
[01-Dec-2016 00:53:25 UTC] PHP  22. Composer\Autoload\ClassLoader->loadClass() /home/ubuntu/workspace/cosmetico/vendor/laravel/framework/src/Illuminate/Routing/Route.php:280
[01-Dec-2016 00:53:25 UTC] PHP  23. Composer\Autoload\includeFile() /home/ubuntu/workspace/cosmetico/vendor/composer/ClassLoader.php:301
